<?xml version="1.0" encoding="UTF-8"?>
<!-- Generated by org.testng.reporters.JUnitReportReporter -->
<testsuite skipped="0" hostname="max-work" name="max1.maven.git.demo1.max1.maven.git.demo1.NewTest01" tests="1" failures="0" timestamp="20 八月 2018 08:54:21 GMT" time="0.030" errors="0">
  <testcase name="test1" time="0.030" classname="max1.maven.git.demo1.max1.maven.git.demo1.NewTest01"/>
</testsuite> <!-- max1.maven.git.demo1.max1.maven.git.demo1.NewTest01 -->
